Change Component Footprint: Designator=R2 Old Footprint=0805 New Footprint=0805贴片电阻
Change Component Footprint: Designator=R3 Old Footprint=0805 New Footprint=0805贴片电阻
Change Component Footprint: Designator=R4 Old Footprint=0805 New Footprint=0805贴片电阻
Change Component Footprint: Designator=R5 Old Footprint=0805 New Footprint=0805贴片电阻
Change Component Footprint: Designator=R10 Old Footprint=0805 New Footprint=0805贴片电阻
Change Component Footprint: Designator=R11 Old Footprint=0805 New Footprint=0805贴片电阻
Change Component Comment : Designator=R1 Old Comment=Comment New Comment=1K
Change Component Comment : Designator=R2 Old Comment=Comment New Comment=1K
Change Component Comment : Designator=R3 Old Comment=Comment New Comment=1K
Change Component Comment : Designator=R4 Old Comment=Comment New Comment=1K
Change Component Comment : Designator=R5 Old Comment=Comment New Comment=1K
Change Component Comment : Designator=D3 Old Comment=Comment New Comment=1N4148
Change Component Comment : Designator=R6 Old Comment=Comment New Comment=10K
Change Component Comment : Designator=R7 Old Comment=Comment New Comment=10K
Change Component Comment : Designator=R8 Old Comment=Comment New Comment=10K
Change Component Comment : Designator=R9 Old Comment=Comment New Comment=10K
Change Component Comment : Designator=R10 Old Comment=Comment New Comment=10K
Change Component Comment : Designator=R11 Old Comment=Comment New Comment=10K
Change Component Comment : Designator=C1 Old Comment=Comment New Comment=10uF
Change Component Comment : Designator=C2 Old Comment=Comment New Comment=10uF
Change Component Comment : Designator=C3 Old Comment=Comment New Comment=10uF
Change Component Comment : Designator=C4 Old Comment=Comment New Comment=10uF
Change Component Comment : Designator=C5 Old Comment=Comment New Comment=10uF
Change Component Comment : Designator=C6 Old Comment=Comment New Comment=10uF
Change Component Comment : Designator=C7 Old Comment=Comment New Comment=10uF
Change Component Comment : Designator=S1 Old Comment=Comment New Comment=CON5
Change Component Comment : Designator=CN1 Old Comment=Comment New Comment=DC JACK
Change Component Comment : Designator=J1 Old Comment=Comment New Comment=HEADER 10X2
Change Component Comment : Designator=J2 Old Comment=Comment New Comment=HEADER 10X2
Change Component Comment : Designator=J3 Old Comment=Comment New Comment=HEADER 10X2
Change Component Comment : Designator=J4 Old Comment=Comment New Comment=HEADER 10X2
Change Component Comment : Designator=D1 Old Comment=Comment New Comment=LED
Change Component Comment : Designator=D2 Old Comment=Comment New Comment=LED
Change Component Comment : Designator=K12 Old Comment=Comment New Comment=SRS-05VDC-SL
Change Component Comment : Designator=Q1 Old Comment=Comment New Comment=SS8050
Change Component Comment : Designator=K1 Old Comment=Comment New Comment=SW6X6轻触开关
Change Component Comment : Designator=K2 Old Comment=Comment New Comment=SW6X6轻触开关
Change Component Comment : Designator=K3 Old Comment=Comment New Comment=SW6X6轻触开关
Change Component Comment : Designator=K4 Old Comment=Comment New Comment=SW6X6轻触开关
Change Component Comment : Designator=K5 Old Comment=Comment New Comment=SW6X6轻触开关
Change Component Comment : Designator=K6 Old Comment=Comment New Comment=SW6X6轻触开关
Change Component Comment : Designator=K7 Old Comment=Comment New Comment=SW6X6轻触开关
Change Component Comment : Designator=K8 Old Comment=Comment New Comment=SW6X6轻触开关
Change Component Comment : Designator=K9 Old Comment=Comment New Comment=SW6X6轻触开关
Change Component Comment : Designator=K10 Old Comment=Comment New Comment=SW6X6轻触开关
Change Component Comment : Designator=K11 Old Comment=Comment New Comment=SW6X6轻触开关
Change component parameters: Designator = "C1" ("C1"); Footprint = "0805"; UniqueID = "\PYUPCOYW" ("\PYUPCOYW")
Change component parameters (AddParameter): Name = "LatestRevisionDate"; Value = "17-Jul-2002"; VariantName = "[No Variations]"
Change component parameters (AddParameter): Name = "LatestRevisionNote"; Value = "Re-released for DXP Platform."; VariantName = "[No Variations]"
Change component parameters (AddParameter): Name = "PackageReference"; Value = "RAD-0.3"; VariantName = "[No Variations]"
Change component parameters (AddParameter): Name = "Published"; Value = "8-Jun-2000"; VariantName = "[No Variations]"
Change component parameters (AddParameter): Name = "Publisher"; Value = "Altium Limited"; VariantName = "[No Variations]"
Change component parameters (AddParameter): Name = "Value"; Value = "10uF"; VariantName = "[No Variations]"
Change component parameters: Designator = "C2" ("C2"); Footprint = "0805"; UniqueID = "\PZTVNWPY" ("\PZTVNWPY")
Change component parameters (AddParameter): Name = "LatestRevisionDate"; Value = "17-Jul-2002"; VariantName = "[No Variations]"
Change component parameters (AddParameter): Name = "LatestRevisionNote"; Value = "Re-released for DXP Platform."; VariantName = "[No Variations]"
Change component parameters (AddParameter): Name = "PackageReference"; Value = "RAD-0.3"; VariantName = "[No Variations]"
Change component parameters (AddParameter): Name = "Published"; Value = "8-Jun-2000"; VariantName = "[No Variations]"
Change component parameters (AddParameter): Name = "Publisher"; Value = "Altium Limited"; VariantName = "[No Variations]"
Change component parameters (AddParameter): Name = "Value"; Value = "10uF"; VariantName = "[No Variations]"
Change component parameters: Designator = "C3" ("C3"); Footprint = "0805"; UniqueID = "\GPTDWVHD" ("\GPTDWVHD")
Change component parameters (AddParameter): Name = "LatestRevisionDate"; Value = "17-Jul-2002"; VariantName = "[No Variations]"
Change component parameters (AddParameter): Name = "LatestRevisionNote"; Value = "Re-released for DXP Platform."; VariantName = "[No Variations]"
Change component parameters (AddParameter): Name = "PackageReference"; Value = "RAD-0.3"; VariantName = "[No Variations]"
Change component parameters (AddParameter): Name = "Published"; Value = "8-Jun-2000"; VariantName = "[No Variations]"
Change component parameters (AddParameter): Name = "Publisher"; Value = "Altium Limited"; VariantName = "[No Variations]"
Change component parameters (AddParameter): Name = "Value"; Value = "10uF"; VariantName = "[No Variations]"
Change component parameters: Designator = "C4" ("C4"); Footprint = "0805"; UniqueID = "\TXHALWHN" ("\TXHALWHN")
Change component parameters (AddParameter): Name = "LatestRevisionDate"; Value = "17-Jul-2002"; VariantName = "[No Variations]"
Change component parameters (AddParameter): Name = "LatestRevisionNote"; Value = "Re-released for DXP Platform."; VariantName = "[No Variations]"
Change component parameters (AddParameter): Name = "PackageReference"; Value = "RAD-0.3"; VariantName = "[No Variations]"
Change component parameters (AddParameter): Name = "Published"; Value = "8-Jun-2000"; VariantName = "[No Variations]"
Change component parameters (AddParameter): Name = "Publisher"; Value = "Altium Limited"; VariantName = "[No Variations]"
Change component parameters (AddParameter): Name = "Value"; Value = "10uF"; VariantName = "[No Variations]"
Change component parameters: Designator = "C5" ("C5"); Footprint = "0805"; UniqueID = "\BLLXPMZT" ("\BLLXPMZT")
Change component parameters (AddParameter): Name = "LatestRevisionDate"; Value = "17-Jul-2002"; VariantName = "[No Variations]"
Change component parameters (AddParameter): Name = "LatestRevisionNote"; Value = "Re-released for DXP Platform."; VariantName = "[No Variations]"
Change component parameters (AddParameter): Name = "PackageReference"; Value = "RAD-0.3"; VariantName = "[No Variations]"
Change component parameters (AddParameter): Name = "Published"; Value = "8-Jun-2000"; VariantName = "[No Variations]"
Change component parameters (AddParameter): Name = "Publisher"; Value = "Altium Limited"; VariantName = "[No Variations]"
Change component parameters (AddParameter): Name = "Value"; Value = "10uF"; VariantName = "[No Variations]"
Change component parameters: Designator = "C6" ("C6"); Footprint = "0805"; UniqueID = "\YYLOHRQY" ("\YYLOHRQY")
Change component parameters (AddParameter): Name = "LatestRevisionDate"; Value = "17-Jul-2002"; VariantName = "[No Variations]"
Change component parameters (AddParameter): Name = "LatestRevisionNote"; Value = "Re-released for DXP Platform."; VariantName = "[No Variations]"
Change component parameters (AddParameter): Name = "PackageReference"; Value = "RAD-0.3"; VariantName = "[No Variations]"
Change component parameters (AddParameter): Name = "Published"; Value = "8-Jun-2000"; VariantName = "[No Variations]"
Change component parameters (AddParameter): Name = "Publisher"; Value = "Altium Limited"; VariantName = "[No Variations]"
Change component parameters (AddParameter): Name = "Value"; Value = "10uF"; VariantName = "[No Variations]"
Change component parameters: Designator = "C7" ("C7"); Footprint = "0805"; UniqueID = "\JOVVOQFF" ("\JOVVOQFF")
Change component parameters (AddParameter): Name = "LatestRevisionDate"; Value = "17-Jul-2002"; VariantName = "[No Variations]"
Change component parameters (AddParameter): Name = "LatestRevisionNote"; Value = "Re-released for DXP Platform."; VariantName = "[No Variations]"
Change component parameters (AddParameter): Name = "PackageReference"; Value = "RAD-0.3"; VariantName = "[No Variations]"
Change component parameters (AddParameter): Name = "Published"; Value = "8-Jun-2000"; VariantName = "[No Variations]"
Change component parameters (AddParameter): Name = "Publisher"; Value = "Altium Limited"; VariantName = "[No Variations]"
Change component parameters (AddParameter): Name = "Value"; Value = "10uF"; VariantName = "[No Variations]"
Added Component: Designator=U1(74LS74D)
Added Component: Designator=U2(74LS74D)
Added Component: Designator=U3(74LS32)
Added Pin To Net: NetName=+5v Pin=CN1-1
Added Pin To Net: NetName=+5v Pin=S1-2
Added Net: Name=+5v
Added Pin To Net: NetName=1B Pin=U2-5
Added Pin To Net: NetName=1B Pin=U3-2
Added Net: Name=1B
Added Pin To Net: NetName=1CK1 Pin=J1-2
Added Pin To Net: NetName=1CK1 Pin=J1-4
Added Pin To Net: NetName=1CK1 Pin=J1-6
Added Pin To Net: NetName=1CK1 Pin=J1-8
Added Pin To Net: NetName=1CK1 Pin=J1-10
Added Pin To Net: NetName=1CK1 Pin=J1-12
Added Pin To Net: NetName=1CK1 Pin=J1-14
Added Pin To Net: NetName=1CK1 Pin=J1-16
Added Pin To Net: NetName=1CK1 Pin=J1-18
Added Pin To Net: NetName=1CK1 Pin=J1-20
Added Pin To Net: NetName=1CK1 Pin=R6-1
Added Pin To Net: NetName=1CK1 Pin=U1-3
Added Net: Name=1CK1
Added Pin To Net: NetName=1CK2 Pin=J3-2
Added Pin To Net: NetName=1CK2 Pin=J3-4
Added Pin To Net: NetName=1CK2 Pin=J3-6
Added Pin To Net: NetName=1CK2 Pin=J3-8
Added Pin To Net: NetName=1CK2 Pin=J3-10
Added Pin To Net: NetName=1CK2 Pin=J3-12
Added Pin To Net: NetName=1CK2 Pin=J3-14
Added Pin To Net: NetName=1CK2 Pin=J3-16
Added Pin To Net: NetName=1CK2 Pin=J3-18
Added Pin To Net: NetName=1CK2 Pin=J3-20
Added Pin To Net: NetName=1CK2 Pin=R8-1
Added Pin To Net: NetName=1CK2 Pin=U2-3
Added Net: Name=1CK2
Added Pin To Net: NetName=2CK1 Pin=J2-2
Added Pin To Net: NetName=2CK1 Pin=J2-4
Added Pin To Net: NetName=2CK1 Pin=J2-6
Added Pin To Net: NetName=2CK1 Pin=J2-8
Added Pin To Net: NetName=2CK1 Pin=J2-10
Added Pin To Net: NetName=2CK1 Pin=J2-12
Added Pin To Net: NetName=2CK1 Pin=J2-14
Added Pin To Net: NetName=2CK1 Pin=J2-16
Added Pin To Net: NetName=2CK1 Pin=J2-18
Added Pin To Net: NetName=2CK1 Pin=J2-20
Added Pin To Net: NetName=2CK1 Pin=R7-1
Added Pin To Net: NetName=2CK1 Pin=U1-11
Added Net: Name=2CK1
Added Pin To Net: NetName=2CK2 Pin=J4-2
Added Pin To Net: NetName=2CK2 Pin=J4-4
Added Pin To Net: NetName=2CK2 Pin=J4-6
Added Pin To Net: NetName=2CK2 Pin=J4-8
Added Pin To Net: NetName=2CK2 Pin=J4-10
Added Pin To Net: NetName=2CK2 Pin=J4-12
Added Pin To Net: NetName=2CK2 Pin=J4-14
Added Pin To Net: NetName=2CK2 Pin=J4-16
Added Pin To Net: NetName=2CK2 Pin=J4-18
Added Pin To Net: NetName=2CK2 Pin=J4-20
Added Pin To Net: NetName=2CK2 Pin=R9-1
Added Pin To Net: NetName=2CK2 Pin=U2-11
Added Net: Name=2CK2
Added Pin To Net: NetName=2CLR Pin=C7-1
Added Pin To Net: NetName=2CLR Pin=K11-3
Added Pin To Net: NetName=2CLR Pin=K11-4
Added Pin To Net: NetName=2CLR Pin=R10-1
Added Pin To Net: NetName=2CLR Pin=R11-1
Added Pin To Net: NetName=2CLR Pin=U2-13
Added Net: Name=2CLR
Added Pin To Net: NetName=2D Pin=U1-5
Added Pin To Net: NetName=2D Pin=U1-12
Added Net: Name=2D
Added Pin To Net: NetName=3D Pin=U1-9
Added Pin To Net: NetName=3D Pin=U2-2
Added Net: Name=3D
Added Pin To Net: NetName=4D Pin=U2-12
Added Pin To Net: NetName=4D Pin=U3-3
Added Net: Name=4D
Added Pin To Net: NetName=CLR Pin=R3-2
Added Pin To Net: NetName=CLR Pin=U1-1
Added Pin To Net: NetName=CLR Pin=U1-13
Added Pin To Net: NetName=CLR Pin=U2-1
Added Net: Name=CLR
Added Pin To Net: NetName=GND Pin=C1-2
Added Pin To Net: NetName=GND Pin=C2-2
Added Pin To Net: NetName=GND Pin=C3-2
Added Pin To Net: NetName=GND Pin=C4-2
Added Pin To Net: NetName=GND Pin=C5-2
Added Pin To Net: NetName=GND Pin=C6-2
Added Pin To Net: NetName=GND Pin=C7-2
Added Pin To Net: NetName=GND Pin=CN1-2
Added Pin To Net: NetName=GND Pin=CN1-3
Added Pin To Net: NetName=GND Pin=D1-2
Added Pin To Net: NetName=GND Pin=D2-2
Added Pin To Net: NetName=GND Pin=K11-1
Added Pin To Net: NetName=GND Pin=K11-2
Added Pin To Net: NetName=GND Pin=Q1-2
Added Pin To Net: NetName=GND Pin=R6-2
Added Pin To Net: NetName=GND Pin=R7-2
Added Pin To Net: NetName=GND Pin=R8-2
Added Pin To Net: NetName=GND Pin=R9-2
Added Pin To Net: NetName=GND Pin=R11-2
Added Pin To Net: NetName=GND Pin=S1-1
Added Pin To Net: NetName=GND Pin=S1-5
Added Pin To Net: NetName=GND Pin=U1-7
Added Pin To Net: NetName=GND Pin=U2-7
Added Pin To Net: NetName=GND Pin=U3-7
Added Net: Name=GND
Added Pin To Net: NetName=K0 Pin=J1-1
Added Pin To Net: NetName=K0 Pin=J2-1
Added Pin To Net: NetName=K0 Pin=J3-1
Added Pin To Net: NetName=K0 Pin=J4-1
Added Pin To Net: NetName=K0 Pin=K1-1
Added Pin To Net: NetName=K0 Pin=K1-2
Added Net: Name=K0
Added Pin To Net: NetName=K1 Pin=J1-3
Added Pin To Net: NetName=K1 Pin=J2-3
Added Pin To Net: NetName=K1 Pin=J3-3
Added Pin To Net: NetName=K1 Pin=J4-3
Added Pin To Net: NetName=K1 Pin=K2-1
Added Pin To Net: NetName=K1 Pin=K2-2
Added Net: Name=K1
Added Pin To Net: NetName=K2 Pin=J1-5
Added Pin To Net: NetName=K2 Pin=J2-5
Added Pin To Net: NetName=K2 Pin=J3-5
Added Pin To Net: NetName=K2 Pin=J4-5
Added Pin To Net: NetName=K2 Pin=K3-1
Added Pin To Net: NetName=K2 Pin=K3-2
Added Net: Name=K2
Added Pin To Net: NetName=K3 Pin=J1-7
Added Pin To Net: NetName=K3 Pin=J2-7
Added Pin To Net: NetName=K3 Pin=J3-7
Added Pin To Net: NetName=K3 Pin=J4-7
Added Pin To Net: NetName=K3 Pin=K4-1
Added Pin To Net: NetName=K3 Pin=K4-2
Added Net: Name=K3
Added Pin To Net: NetName=K4 Pin=J1-9
Added Pin To Net: NetName=K4 Pin=J2-9
Added Pin To Net: NetName=K4 Pin=J3-9
Added Pin To Net: NetName=K4 Pin=J4-9
Added Pin To Net: NetName=K4 Pin=K5-1
Added Pin To Net: NetName=K4 Pin=K5-2
Added Net: Name=K4
Added Pin To Net: NetName=K5 Pin=J1-11
Added Pin To Net: NetName=K5 Pin=J2-11
Added Pin To Net: NetName=K5 Pin=J3-11
Added Pin To Net: NetName=K5 Pin=J4-11
Added Pin To Net: NetName=K5 Pin=K6-1
Added Pin To Net: NetName=K5 Pin=K6-2
Added Net: Name=K5
Added Pin To Net: NetName=K6 Pin=J1-13
Added Pin To Net: NetName=K6 Pin=J2-13
Added Pin To Net: NetName=K6 Pin=J3-13
Added Pin To Net: NetName=K6 Pin=J4-13
Added Pin To Net: NetName=K6 Pin=K7-1
Added Pin To Net: NetName=K6 Pin=K7-2
Added Net: Name=K6
Added Pin To Net: NetName=K7 Pin=J1-15
Added Pin To Net: NetName=K7 Pin=J2-15
Added Pin To Net: NetName=K7 Pin=J3-15
Added Pin To Net: NetName=K7 Pin=J4-15
Added Pin To Net: NetName=K7 Pin=K8-1
Added Pin To Net: NetName=K7 Pin=K8-2
Added Net: Name=K7
Added Pin To Net: NetName=K8 Pin=J1-17
Added Pin To Net: NetName=K8 Pin=J2-17
Added Pin To Net: NetName=K8 Pin=J3-17
Added Pin To Net: NetName=K8 Pin=J4-17
Added Pin To Net: NetName=K8 Pin=K9-1
Added Pin To Net: NetName=K8 Pin=K9-2
Added Net: Name=K8
Added Pin To Net: NetName=K9 Pin=J1-19
Added Pin To Net: NetName=K9 Pin=J2-19
Added Pin To Net: NetName=K9 Pin=J3-19
Added Pin To Net: NetName=K9 Pin=J4-19
Added Pin To Net: NetName=K9 Pin=K10-1
Added Pin To Net: NetName=K9 Pin=K10-2
Added Net: Name=K9
Added Pin To Net: NetName=NetD1_1 Pin=D1-1
Added Pin To Net: NetName=NetD1_1 Pin=R1-2
Added Net: Name=NetD1_1
Added Pin To Net: NetName=NetD2_1 Pin=D2-1
Added Pin To Net: NetName=NetD2_1 Pin=R4-1
Added Net: Name=NetD2_1
Added Pin To Net: NetName=NetD3_1 Pin=D3-1
Added Pin To Net: NetName=NetD3_1 Pin=K12-5
Added Pin To Net: NetName=NetD3_1 Pin=Q1-3
Added Net: Name=NetD3_1
Added Pin To Net: NetName=NetK1_3 Pin=K1-3
Added Pin To Net: NetName=NetK1_3 Pin=K1-4
Added Pin To Net: NetName=NetK1_3 Pin=K2-3
Added Pin To Net: NetName=NetK1_3 Pin=K2-4
Added Pin To Net: NetName=NetK1_3 Pin=K3-3
Added Pin To Net: NetName=NetK1_3 Pin=K3-4
Added Pin To Net: NetName=NetK1_3 Pin=K4-3
Added Pin To Net: NetName=NetK1_3 Pin=K4-4
Added Pin To Net: NetName=NetK1_3 Pin=K5-3
Added Pin To Net: NetName=NetK1_3 Pin=K5-4
Added Pin To Net: NetName=NetK1_3 Pin=K6-3
Added Pin To Net: NetName=NetK1_3 Pin=K6-4
Added Pin To Net: NetName=NetK1_3 Pin=K7-3
Added Pin To Net: NetName=NetK1_3 Pin=K7-4
Added Pin To Net: NetName=NetK1_3 Pin=K8-3
Added Pin To Net: NetName=NetK1_3 Pin=K8-4
Added Pin To Net: NetName=NetK1_3 Pin=K9-3
Added Pin To Net: NetName=NetK1_3 Pin=K9-4
Added Pin To Net: NetName=NetK1_3 Pin=K10-3
Added Pin To Net: NetName=NetK1_3 Pin=K10-4
Added Pin To Net: NetName=NetK1_3 Pin=R2-2
Added Net: Name=NetK1_3
Added Pin To Net: NetName=NetK12_3 Pin=K12-3
Added Pin To Net: NetName=NetK12_3 Pin=R4-2
Added Net: Name=NetK12_3
Added Pin To Net: NetName=NetQ1_1 Pin=Q1-1
Added Pin To Net: NetName=NetQ1_1 Pin=R5-2
Added Net: Name=NetQ1_1
Added Pin To Net: NetName=NetR3_1 Pin=R3-1
Added Pin To Net: NetName=NetR3_1 Pin=U2-8
Added Net: Name=NetR3_1
Added Pin To Net: NetName=VCC Pin=C1-1
Added Pin To Net: NetName=VCC Pin=C2-1
Added Pin To Net: NetName=VCC Pin=C3-1
Added Pin To Net: NetName=VCC Pin=C4-1
Added Pin To Net: NetName=VCC Pin=C5-1
Added Pin To Net: NetName=VCC Pin=C6-1
Added Pin To Net: NetName=VCC Pin=D3-2
Added Pin To Net: NetName=VCC Pin=K12-1
Added Pin To Net: NetName=VCC Pin=K12-1
Added Pin To Net: NetName=VCC Pin=K12-4
Added Pin To Net: NetName=VCC Pin=R1-1
Added Pin To Net: NetName=VCC Pin=R2-1
Added Pin To Net: NetName=VCC Pin=R10-2
Added Pin To Net: NetName=VCC Pin=S1-3
Added Pin To Net: NetName=VCC Pin=U1-2
Added Pin To Net: NetName=VCC Pin=U1-4
Added Pin To Net: NetName=VCC Pin=U1-10
Added Pin To Net: NetName=VCC Pin=U1-14
Added Pin To Net: NetName=VCC Pin=U2-4
Added Pin To Net: NetName=VCC Pin=U2-10
Added Pin To Net: NetName=VCC Pin=U2-14
Added Pin To Net: NetName=VCC Pin=U3-14
Added Net: Name=VCC
Added Pin To Net: NetName=Vo Pin=R5-1
Added Pin To Net: NetName=Vo Pin=U2-9
Added Pin To Net: NetName=Vo Pin=U3-1
Added Net: Name=Vo
Added Class: Name=原理图
Added Room: Name=原理图
